ERROR [main] portico.lrc.jgroups: FAILURE createFederation: already exists, name=ExampleFederation
ERROR [main] portico.lrc: federation exists: ExampleFederation
org.portico.lrc.compat.JFederationExecutionAlreadyExists: federation exists: ExampleFederation
	at org.portico.bindings.jgroups.channel.FederationChannel.createFederation(FederationChannel.java:268)
	at org.portico.bindings.jgroups.JGroupsConnection.createFederation(JGroupsConnection.java:232)
	at org.portico.lrc.services.federation.handlers.outgoing.CreateFederationHandler.process(CreateFederationHandler.java:79)
	at org.portico.utils.messaging.MessageSink.process(MessageSink.java:187)
	at org.portico.impl.hla13.Impl13Helper.processMessage(Impl13Helper.java:123)
	at org.portico.impl.hla13.Rti13Ambassador.processMessage(Rti13Ambassador.java:5822)
	at org.portico.impl.hla13.Rti13Ambassador.createFederationExecution(Rti13Ambassador.java:194)
	at hla13.Example13Federate.runFederate(Example13Federate.java:184)
	at hla13.Example13Federate.main(Example13Federate.java:563)
ERROR [main] portico.lrc: federate name in use: exampleFederate
org.portico.lrc.compat.JFederateAlreadyExecutionMember: federate name in use: exampleFederate
	at org.portico.bindings.jgroups.channel.FederationChannel.joinFederation(FederationChannel.java:319)
	at org.portico.bindings.jgroups.JGroupsConnection.joinFederation(JGroupsConnection.java:255)
	at org.portico.lrc.services.federation.handlers.outgoing.JoinFederationHandler.process(JoinFederationHandler.java:105)
	at org.portico.utils.messaging.MessageSink.process(MessageSink.java:187)
	at org.portico.impl.hla13.Impl13Helper.processMessage(Impl13Helper.java:123)
	at org.portico.impl.hla13.Rti13Ambassador.processMessage(Rti13Ambassador.java:5822)
	at org.portico.impl.hla13.Rti13Ambassador.joinFederationExecution(Rti13Ambassador.java:321)
	at hla13.Example13Federate.runFederate(Example13Federate.java:204)
	at hla13.Example13Federate.main(Example13Federate.java:563)
WARN  [VERIFY_SUSPECT.TimerThread,ExampleFederation,WASOWSKIM_NB-64709] portico.lrc.jgroups: Detected that federate [1] may have crashed, investigating...
WARN  [VERIFY_SUSPECT.TimerThread,ExampleFederation,WASOWSKIM_NB-64709] portico.lrc.jgroups: Detected that federate [1] may have crashed, investigating...
WARN  [VERIFY_SUSPECT.TimerThread,ExampleFederation,WASOWSKIM_NB-64709] portico.lrc.jgroups: Detected that federate [1] may have crashed, investigating...
WARN  [VERIFY_SUSPECT.TimerThread,ExampleFederation,WASOWSKIM_NB-64709] portico.lrc.jgroups: Detected that federate [1] may have crashed, investigating...
WARN  [VERIFY_SUSPECT.TimerThread,ExampleFederation,WASOWSKIM_NB-64709] portico.lrc.jgroups: Detected that federate [1] may have crashed, investigating...
WARN  [VERIFY_SUSPECT.TimerThread,ExampleFederation,WASOWSKIM_NB-64709] portico.lrc.jgroups: Detected that federate [1] may have crashed, investigating...
WARN  [VERIFY_SUSPECT.TimerThread,ExampleFederation,WASOWSKIM_NB-64709] portico.lrc.jgroups: Detected that federate [1] may have crashed, investigating...
ERROR [main] portico.lrc.jgroups: FAILURE createFederation: already exists, name=ExampleFederation
ERROR [main] portico.lrc: federation exists: ExampleFederation
org.portico.lrc.compat.JFederationExecutionAlreadyExists: federation exists: ExampleFederation
	at org.portico.bindings.jgroups.channel.FederationChannel.createFederation(FederationChannel.java:268)
	at org.portico.bindings.jgroups.JGroupsConnection.createFederation(JGroupsConnection.java:232)
	at org.portico.lrc.services.federation.handlers.outgoing.CreateFederationHandler.process(CreateFederationHandler.java:79)
	at org.portico.utils.messaging.MessageSink.process(MessageSink.java:187)
	at org.portico.impl.hla13.Impl13Helper.processMessage(Impl13Helper.java:123)
	at org.portico.impl.hla13.Rti13Ambassador.processMessage(Rti13Ambassador.java:5822)
	at org.portico.impl.hla13.Rti13Ambassador.createFederationExecution(Rti13Ambassador.java:194)
	at hla13.Example13Federate.runFederate(Example13Federate.java:184)
	at hla13.Example13Federate.main(Example13Federate.java:563)
ERROR [main] portico.lrc: federate name in use: exampleFederate
org.portico.lrc.compat.JFederateAlreadyExecutionMember: federate name in use: exampleFederate
	at org.portico.bindings.jgroups.channel.FederationChannel.joinFederation(FederationChannel.java:319)
	at org.portico.bindings.jgroups.JGroupsConnection.joinFederation(JGroupsConnection.java:255)
	at org.portico.lrc.services.federation.handlers.outgoing.JoinFederationHandler.process(JoinFederationHandler.java:105)
	at org.portico.utils.messaging.MessageSink.process(MessageSink.java:187)
	at org.portico.impl.hla13.Impl13Helper.processMessage(Impl13Helper.java:123)
	at org.portico.impl.hla13.Rti13Ambassador.processMessage(Rti13Ambassador.java:5822)
	at org.portico.impl.hla13.Rti13Ambassador.joinFederationExecution(Rti13Ambassador.java:321)
	at hla13.Example13Federate.runFederate(Example13Federate.java:204)
	at hla13.Example13Federate.main(Example13Federate.java:563)
WARN  [VERIFY_SUSPECT.TimerThread,ExampleFederation,WASOWSKIM_NB-64709] portico.lrc.jgroups: Detected that federate [1] may have crashed, investigating...
WARN  [VERIFY_SUSPECT.TimerThread,ExampleFederation,WASOWSKIM_NB-64709] portico.lrc.jgroups: Detected that federate [1] may have crashed, investigating...
WARN  [VERIFY_SUSPECT.TimerThread,ExampleFederation,WASOWSKIM_NB-64709] portico.lrc.jgroups: Detected that federate [1] may have crashed, investigating...
WARN  [VERIFY_SUSPECT.TimerThread,ExampleFederation,WASOWSKIM_NB-64709] portico.lrc.jgroups: Detected that federate [1] may have crashed, investigating...
WARN  [VERIFY_SUSPECT.TimerThread,ExampleFederation,WASOWSKIM_NB-64709] portico.lrc.jgroups: Detected that federate [1] may have crashed, investigating...
WARN  [VERIFY_SUSPECT.TimerThread,ExampleFederation,WASOWSKIM_NB-64709] portico.lrc.jgroups: Detected that federate [1] may have crashed, investigating...
WARN  [VERIFY_SUSPECT.TimerThread,ExampleFederation,WASOWSKIM_NB-64709] portico.lrc.jgroups: Detected that federate [1] may have crashed, investigating...
ERROR [main] portico.lrc.jgroups: FAILURE createFederation: already exists, name=ExampleFederation
ERROR [main] portico.lrc: federation exists: ExampleFederation
org.portico.lrc.compat.JFederationExecutionAlreadyExists: federation exists: ExampleFederation
	at org.portico.bindings.jgroups.channel.FederationChannel.createFederation(FederationChannel.java:268)
	at org.portico.bindings.jgroups.JGroupsConnection.createFederation(JGroupsConnection.java:232)
	at org.portico.lrc.services.federation.handlers.outgoing.CreateFederationHandler.process(CreateFederationHandler.java:79)
	at org.portico.utils.messaging.MessageSink.process(MessageSink.java:187)
	at org.portico.impl.hla13.Impl13Helper.processMessage(Impl13Helper.java:123)
	at org.portico.impl.hla13.Rti13Ambassador.processMessage(Rti13Ambassador.java:5822)
	at org.portico.impl.hla13.Rti13Ambassador.createFederationExecution(Rti13Ambassador.java:194)
	at hla13.Example13Federate.runFederate(Example13Federate.java:184)
	at hla13.Example13Federate.main(Example13Federate.java:563)
ERROR [main] portico.lrc: federate name in use: exampleFederate
org.portico.lrc.compat.JFederateAlreadyExecutionMember: federate name in use: exampleFederate
	at org.portico.bindings.jgroups.channel.FederationChannel.joinFederation(FederationChannel.java:319)
	at org.portico.bindings.jgroups.JGroupsConnection.joinFederation(JGroupsConnection.java:255)
	at org.portico.lrc.services.federation.handlers.outgoing.JoinFederationHandler.process(JoinFederationHandler.java:105)
	at org.portico.utils.messaging.MessageSink.process(MessageSink.java:187)
	at org.portico.impl.hla13.Impl13Helper.processMessage(Impl13Helper.java:123)
	at org.portico.impl.hla13.Rti13Ambassador.processMessage(Rti13Ambassador.java:5822)
	at org.portico.impl.hla13.Rti13Ambassador.joinFederationExecution(Rti13Ambassador.java:321)
	at hla13.Example13Federate.runFederate(Example13Federate.java:204)
	at hla13.Example13Federate.main(Example13Federate.java:563)
WARN  [VERIFY_SUSPECT.TimerThread,ExampleFederation,WASOWSKIM_NB-64709] portico.lrc.jgroups: Detected that federate [1] may have crashed, investigating...
WARN  [VERIFY_SUSPECT.TimerThread,ExampleFederation,WASOWSKIM_NB-64709] portico.lrc.jgroups: Detected that federate [1] may have crashed, investigating...
WARN  [VERIFY_SUSPECT.TimerThread,ExampleFederation,WASOWSKIM_NB-64709] portico.lrc.jgroups: Detected that federate [1] may have crashed, investigating...
ERROR [main] portico.lrc: federation doesn't exist: ExampleFederation
org.portico.lrc.compat.JFederationExecutionDoesNotExist: federation doesn't exist: ExampleFederation
	at org.portico.bindings.jgroups.channel.FederationChannel.joinFederation(FederationChannel.java:306)
	at org.portico.bindings.jgroups.JGroupsConnection.joinFederation(JGroupsConnection.java:255)
	at org.portico.lrc.services.federation.handlers.outgoing.JoinFederationHandler.process(JoinFederationHandler.java:105)
	at org.portico.utils.messaging.MessageSink.process(MessageSink.java:187)
	at org.portico.impl.hla13.Impl13Helper.processMessage(Impl13Helper.java:123)
	at org.portico.impl.hla13.Rti13Ambassador.processMessage(Rti13Ambassador.java:5822)
	at org.portico.impl.hla13.Rti13Ambassador.joinFederationExecution(Rti13Ambassador.java:321)
	at hla13.Example13Federate.runFederate(Example13Federate.java:203)
	at hla13.Example13Federate.main(Example13Federate.java:562)
ERROR [main] portico.lrc: federation doesn't exist: ExampleFederation
org.portico.lrc.compat.JFederationExecutionDoesNotExist: federation doesn't exist: ExampleFederation
	at org.portico.bindings.jgroups.channel.FederationChannel.joinFederation(FederationChannel.java:306)
	at org.portico.bindings.jgroups.JGroupsConnection.joinFederation(JGroupsConnection.java:255)
	at org.portico.lrc.services.federation.handlers.outgoing.JoinFederationHandler.process(JoinFederationHandler.java:105)
	at org.portico.utils.messaging.MessageSink.process(MessageSink.java:187)
	at org.portico.impl.hla13.Impl13Helper.processMessage(Impl13Helper.java:123)
	at org.portico.impl.hla13.Rti13Ambassador.processMessage(Rti13Ambassador.java:5822)
	at org.portico.impl.hla13.Rti13Ambassador.joinFederationExecution(Rti13Ambassador.java:321)
	at hla13.Example13Federate.runFederate(Example13Federate.java:203)
	at hla13.Example13Federate.main(Example13Federate.java:562)
ERROR [main] portico.lrc.jgroups: FAILURE createFederation: already exists, name=ExampleFederation
ERROR [main] portico.lrc: federation exists: ExampleFederation
org.portico.lrc.compat.JFederationExecutionAlreadyExists: federation exists: ExampleFederation
	at org.portico.bindings.jgroups.channel.FederationChannel.createFederation(FederationChannel.java:268)
	at org.portico.bindings.jgroups.JGroupsConnection.createFederation(JGroupsConnection.java:232)
	at org.portico.lrc.services.federation.handlers.outgoing.CreateFederationHandler.process(CreateFederationHandler.java:79)
	at org.portico.utils.messaging.MessageSink.process(MessageSink.java:187)
	at org.portico.impl.hla13.Impl13Helper.processMessage(Impl13Helper.java:123)
	at org.portico.impl.hla13.Rti13Ambassador.processMessage(Rti13Ambassador.java:5822)
	at org.portico.impl.hla13.Rti13Ambassador.createFederationExecution(Rti13Ambassador.java:194)
	at hla13.Example13Federate.runFederate(Example13Federate.java:184)
	at hla13.Example13Federate.main(Example13Federate.java:563)
ERROR [main] portico.lrc: federate name in use: exampleFederate
org.portico.lrc.compat.JFederateAlreadyExecutionMember: federate name in use: exampleFederate
	at org.portico.bindings.jgroups.channel.FederationChannel.joinFederation(FederationChannel.java:319)
	at org.portico.bindings.jgroups.JGroupsConnection.joinFederation(JGroupsConnection.java:255)
	at org.portico.lrc.services.federation.handlers.outgoing.JoinFederationHandler.process(JoinFederationHandler.java:105)
	at org.portico.utils.messaging.MessageSink.process(MessageSink.java:187)
	at org.portico.impl.hla13.Impl13Helper.processMessage(Impl13Helper.java:123)
	at org.portico.impl.hla13.Rti13Ambassador.processMessage(Rti13Ambassador.java:5822)
	at org.portico.impl.hla13.Rti13Ambassador.joinFederationExecution(Rti13Ambassador.java:321)
	at hla13.Example13Federate.runFederate(Example13Federate.java:203)
	at hla13.Example13Federate.main(Example13Federate.java:563)
WARN  [VERIFY_SUSPECT.TimerThread,ExampleFederation,WASOWSKIM_NB-33348] portico.lrc.jgroups: Detected that federate [1] may have crashed, investigating...
WARN  [VERIFY_SUSPECT.TimerThread,ExampleFederation,WASOWSKIM_NB-33348] portico.lrc.jgroups: Detected that federate [1] may have crashed, investigating...
WARN  [VERIFY_SUSPECT.TimerThread,ExampleFederation,WASOWSKIM_NB-33348] portico.lrc.jgroups: Detected that federate [1] may have crashed, investigating...
WARN  [VERIFY_SUSPECT.TimerThread,ExampleFederation,WASOWSKIM_NB-33348] portico.lrc.jgroups: Detected that federate [1] may have crashed, investigating...
WARN  [VERIFY_SUSPECT.TimerThread,ExampleFederation,WASOWSKIM_NB-33348] portico.lrc.jgroups: Detected that federate [1] may have crashed, investigating...
